-------------------------------------------------------------------------------
Test set: market.seed05_EvoMaster_faults_Test
-------------------------------------------------------------------------------
Tests run: 6, Failures: 3, Errors: 0, Skipped: 0, Time elapsed: 2.793 s <<< FAILURE! - in market.seed05_EvoMaster_faults_Test
test_0_with500  Time elapsed: 0.075 s  <<< FAILURE!
java.lang.AssertionError: 
1 expectation failed.
JSON path 'message' doesn't match.
Expected: a string containing "JSON parse error: Expected relation name; nested exception is com.fasterxml.jackson.databind.JsonMappingException: Expected relation name\n at [Source: (ByteArrayInputStream); line: 1, column: 13] (through reference chain: market.dto.CartItemDTO[\"_links\"])"
  Actual: JSON parse error: Expected relation name; nested exception is com.fasterxml.jackson.databind.JsonMappingException: Expected relation name
 at [Source: (PushbackInputStream); line: 1, column: 19] (through reference chain: market.dto.CartItemDTO["_links"])

	at market.seed05_EvoMaster_faults_Test.test_0_with500(seed05_EvoMaster_faults_Test.java:141)

test_2_with500  Time elapsed: 0.144 s  <<< FAILURE!
java.lang.AssertionError: 
1 expectation failed.
JSON path 'message' doesn't match.
Expected: a string containing "JSON parse error: Expected relation name; nested exception is com.fasterxml.jackson.databind.JsonMappingException: Expected relation name\n at [Source: (ByteArrayInputStream); line: 1, column: 13] (through reference chain: market.dto.ContactsDTO[\"_links\"])"
  Actual: JSON parse error: Expected relation name; nested exception is com.fasterxml.jackson.databind.JsonMappingException: Expected relation name
 at [Source: (PushbackInputStream); line: 1, column: 19] (through reference chain: market.dto.ContactsDTO["_links"])

	at market.seed05_EvoMaster_faults_Test.test_2_with500(seed05_EvoMaster_faults_Test.java:266)

test_1_with500  Time elapsed: 0.157 s  <<< FAILURE!
java.lang.AssertionError: 
1 expectation failed.
JSON path 'message' doesn't match.
Expected: a string containing "JSON parse error: Expected relation name; nested exception is com.fasterxml.jackson.databind.JsonMappingException: Expected relation name\n at [Source: (ByteArrayInputStream); line: 1, column: 13] (through reference chain: market.dto.UserDTO[\"_links\"])"
  Actual: JSON parse error: Expected relation name; nested exception is com.fasterxml.jackson.databind.JsonMappingException: Expected relation name
 at [Source: (PushbackInputStream); line: 1, column: 19] (through reference chain: market.dto.UserDTO["_links"])

	at market.seed05_EvoMaster_faults_Test.test_1_with500(seed05_EvoMaster_faults_Test.java:214)

