-------------------------------------------------------------------------------
Test set: market.seed10_EvoMaster_faults_Test
-------------------------------------------------------------------------------
Tests run: 10, Failures: 3, Errors: 0, Skipped: 0, Time elapsed: 3.854 s <<< FAILURE! - in market.seed10_EvoMaster_faults_Test
test_0_with500  Time elapsed: 0.089 s  <<< FAILURE!
java.lang.AssertionError: 
1 expectation failed.
JSON path 'message' doesn't match.
Expected: a string containing "JSON parse error: Expected relation name; nested exception is com.fasterxml.jackson.databind.JsonMappingException: Expected relation name\n at [Source: (ByteArrayInputStream); line: 1, column: 13] (through reference chain: market.dto.ContactsDTO[\"_links\"])"
  Actual: JSON parse error: Expected relation name; nested exception is com.fasterxml.jackson.databind.JsonMappingException: Expected relation name
 at [Source: (PushbackInputStream); line: 1, column: 19] (through reference chain: market.dto.ContactsDTO["_links"])

	at market.seed10_EvoMaster_faults_Test.test_0_with500(seed10_EvoMaster_faults_Test.java:146)

test_4_with500  Time elapsed: 0.174 s  <<< FAILURE!
java.lang.AssertionError: 
1 expectation failed.
JSON path 'message' doesn't match.
Expected: a string containing "JSON parse error: Expected relation name; nested exception is com.fasterxml.jackson.databind.JsonMappingException: Expected relation name\n at [Source: (ByteArrayInputStream); line: 1, column: 13] (through reference chain: market.dto.CartItemDTO[\"_links\"])"
  Actual: JSON parse error: Expected relation name; nested exception is com.fasterxml.jackson.databind.JsonMappingException: Expected relation name
 at [Source: (PushbackInputStream); line: 1, column: 19] (through reference chain: market.dto.CartItemDTO["_links"])

	at market.seed10_EvoMaster_faults_Test.test_4_with500(seed10_EvoMaster_faults_Test.java:603)

test_3_with500  Time elapsed: 0.171 s  <<< FAILURE!
java.lang.AssertionError: 
1 expectation failed.
JSON path 'message' doesn't match.
Expected: a string containing "JSON parse error: Expected relation name; nested exception is com.fasterxml.jackson.databind.JsonMappingException: Expected relation name\n at [Source: (ByteArrayInputStream); line: 1, column: 13] (through reference chain: market.dto.UserDTO[\"_links\"])"
  Actual: JSON parse error: Expected relation name; nested exception is com.fasterxml.jackson.databind.JsonMappingException: Expected relation name
 at [Source: (PushbackInputStream); line: 1, column: 19] (through reference chain: market.dto.UserDTO["_links"])

	at market.seed10_EvoMaster_faults_Test.test_3_with500(seed10_EvoMaster_faults_Test.java:406)

