-------------------------------------------------------------------------------
Test set: market.seed08_EvoMaster_faults_Test
-------------------------------------------------------------------------------
Tests run: 6, Failures: 3, Errors: 0, Skipped: 0, Time elapsed: 2.421 s <<< FAILURE! - in market.seed08_EvoMaster_faults_Test
test_0_with500  Time elapsed: 0.081 s  <<< FAILURE!
java.lang.AssertionError: 
1 expectation failed.
JSON path 'message' doesn't match.
Expected: a string containing "JSON parse error: Expected relation name; nested exception is com.fasterxml.jackson.databind.JsonMappingException: Expected relation name\n at [Source: (ByteArrayInputStream); line: 1, column: 13] (through reference chain: market.dto.UserDTO[\"_links\"])"
  Actual: JSON parse error: Expected relation name; nested exception is com.fasterxml.jackson.databind.JsonMappingException: Expected relation name
 at [Source: (PushbackInputStream); line: 1, column: 19] (through reference chain: market.dto.UserDTO["_links"])

	at market.seed08_EvoMaster_faults_Test.test_0_with500(seed08_EvoMaster_faults_Test.java:166)

test_1_with500  Time elapsed: 0.083 s  <<< FAILURE!
java.lang.AssertionError: 
1 expectation failed.
JSON path 'message' doesn't match.
Expected: a string containing "JSON parse error: Expected relation name; nested exception is com.fasterxml.jackson.databind.JsonMappingException: Expected relation name\n at [Source: (ByteArrayInputStream); line: 1, column: 13] (through reference chain: market.dto.ContactsDTO[\"_links\"])"
  Actual: JSON parse error: Expected relation name; nested exception is com.fasterxml.jackson.databind.JsonMappingException: Expected relation name
 at [Source: (PushbackInputStream); line: 1, column: 19] (through reference chain: market.dto.ContactsDTO["_links"])

	at market.seed08_EvoMaster_faults_Test.test_1_with500(seed08_EvoMaster_faults_Test.java:217)

test_3_with500  Time elapsed: 0.125 s  <<< FAILURE!
java.lang.AssertionError: 
1 expectation failed.
JSON path 'message' doesn't match.
Expected: a string containing "JSON parse error: Expected relation name; nested exception is com.fasterxml.jackson.databind.JsonMappingException: Expected relation name\n at [Source: (ByteArrayInputStream); line: 1, column: 13] (through reference chain: market.dto.CartItemDTO[\"_links\"])"
  Actual: JSON parse error: Expected relation name; nested exception is com.fasterxml.jackson.databind.JsonMappingException: Expected relation name
 at [Source: (PushbackInputStream); line: 1, column: 19] (through reference chain: market.dto.CartItemDTO["_links"])

	at market.seed08_EvoMaster_faults_Test.test_3_with500(seed08_EvoMaster_faults_Test.java:300)

