-------------------------------------------------------------------------------
Test set: market.seed04_EvoMaster_faults_Test
-------------------------------------------------------------------------------
Tests run: 8, Failures: 5, Errors: 0, Skipped: 0, Time elapsed: 3.542 s <<< FAILURE! - in market.seed04_EvoMaster_faults_Test
test_0_with500  Time elapsed: 0.083 s  <<< FAILURE!
java.lang.AssertionError: 
1 expectation failed.
JSON path 'message' doesn't match.
Expected: a string containing "JSON parse error: Expected relation name; nested exception is com.fasterxml.jackson.databind.JsonMappingException: Expected relation name\n at [Source: (ByteArrayInputStream); line: 1, column: 13] (through reference chain: market.dto.UserDTO[\"_links\"])"
  Actual: JSON parse error: Expected relation name; nested exception is com.fasterxml.jackson.databind.JsonMappingException: Expected relation name
 at [Source: (PushbackInputStream); line: 1, column: 17] (through reference chain: market.dto.UserDTO["_links"])

	at market.seed04_EvoMaster_faults_Test.test_0_with500(seed04_EvoMaster_faults_Test.java:114)

test_7_with500  Time elapsed: 0.122 s  <<< FAILURE!
java.lang.AssertionError: 
1 expectation failed.
Expected status code <500> but was <200>.

	at market.seed04_EvoMaster_faults_Test.test_7_with500(seed04_EvoMaster_faults_Test.java:569)

test_4_with500  Time elapsed: 0.28 s  <<< FAILURE!
java.lang.AssertionError: 
1 expectation failed.
Expected status code <500> but was <200>.

	at market.seed04_EvoMaster_faults_Test.test_4_with500(seed04_EvoMaster_faults_Test.java:428)

test_1_with500  Time elapsed: 0.166 s  <<< FAILURE!
java.lang.AssertionError: 
1 expectation failed.
JSON path 'message' doesn't match.
Expected: a string containing "JSON parse error: Expected relation name; nested exception is com.fasterxml.jackson.databind.JsonMappingException: Expected relation name\n at [Source: (ByteArrayInputStream); line: 1, column: 13] (through reference chain: market.dto.ContactsDTO[\"_links\"])"
  Actual: JSON parse error: Expected relation name; nested exception is com.fasterxml.jackson.databind.JsonMappingException: Expected relation name
 at [Source: (PushbackInputStream); line: 1, column: 19] (through reference chain: market.dto.ContactsDTO["_links"])

	at market.seed04_EvoMaster_faults_Test.test_1_with500(seed04_EvoMaster_faults_Test.java:174)

test_3_with500  Time elapsed: 0.136 s  <<< FAILURE!
java.lang.AssertionError: 
1 expectation failed.
JSON path 'message' doesn't match.
Expected: a string containing "JSON parse error: Expected relation name; nested exception is com.fasterxml.jackson.databind.JsonMappingException: Expected relation name\n at [Source: (ByteArrayInputStream); line: 1, column: 13] (through reference chain: market.dto.CartItemDTO[\"_links\"])"
  Actual: JSON parse error: Expected relation name; nested exception is com.fasterxml.jackson.databind.JsonMappingException: Expected relation name
 at [Source: (PushbackInputStream); line: 1, column: 19] (through reference chain: market.dto.CartItemDTO["_links"])

	at market.seed04_EvoMaster_faults_Test.test_3_with500(seed04_EvoMaster_faults_Test.java:404)

