-------------------------------------------------------------------------------
Test set: market.seed04_EvoMaster_fault_representatives_Test
-------------------------------------------------------------------------------
Tests run: 5, Failures: 2, Errors: 0, Skipped: 0, Time elapsed: 2.897 s <<< FAILURE! - in market.seed04_EvoMaster_fault_representatives_Test
test_0_with500  Time elapsed: 0.093 s  <<< FAILURE!
java.lang.AssertionError: 
1 expectation failed.
JSON path 'message' doesn't match.
Expected: a string containing "JSON parse error: Expected relation name; nested exception is com.fasterxml.jackson.databind.JsonMappingException: Expected relation name\n at [Source: (ByteArrayInputStream); line: 1, column: 13] (through reference chain: market.dto.UserDTO[\"_links\"])"
  Actual: JSON parse error: Expected relation name; nested exception is com.fasterxml.jackson.databind.JsonMappingException: Expected relation name
 at [Source: (PushbackInputStream); line: 1, column: 17] (through reference chain: market.dto.UserDTO["_links"])

	at market.seed04_EvoMaster_fault_representatives_Test.test_0_with500(seed04_EvoMaster_fault_representatives_Test.java:118)

test_3_with500  Time elapsed: 0.126 s  <<< FAILURE!
java.lang.AssertionError: 
1 expectation failed.
Expected status code <500> but was <200>.

	at market.seed04_EvoMaster_fault_representatives_Test.test_3_with500(seed04_EvoMaster_fault_representatives_Test.java:196)

