-------------------------------------------------------------------------------
Test set: market.seed09_EvoMaster_fault_representatives_Test
-------------------------------------------------------------------------------
Tests run: 5, Failures: 1, Errors: 0, Skipped: 0, Time elapsed: 3.176 s <<< FAILURE! - in market.seed09_EvoMaster_fault_representatives_Test
test_1_with500  Time elapsed: 0.177 s  <<< FAILURE!
java.lang.AssertionError: 
1 expectation failed.
JSON path 'message' doesn't match.
Expected: a string containing "JSON parse error: Expected relation name; nested exception is com.fasterxml.jackson.databind.JsonMappingException: Expected relation name\n at [Source: (ByteArrayInputStream); line: 1, column: 13] (through reference chain: market.dto.UserDTO[\"_links\"])"
  Actual: JSON parse error: Expected relation name; nested exception is com.fasterxml.jackson.databind.JsonMappingException: Expected relation name
 at [Source: (PushbackInputStream); line: 1, column: 17] (through reference chain: market.dto.UserDTO["_links"])

	at market.seed09_EvoMaster_fault_representatives_Test.test_1_with500(seed09_EvoMaster_fault_representatives_Test.java:146)

