-------------------------------------------------------------------------------
Test set: market.seed06_EvoMaster_others_Test
-------------------------------------------------------------------------------
Tests run: 14, Failures: 1, Errors: 0, Skipped: 0, Time elapsed: 3.91 s <<< FAILURE! - in market.seed06_EvoMaster_others_Test
test_10  Time elapsed: 0.34 s  <<< FAILURE!
java.lang.AssertionError: 
1 expectation failed.
JSON path 'fieldErrors'[0].'field' doesn't match.
Expected: a string containing "productId"
  Actual: quantity

	at market.seed06_EvoMaster_others_Test.test_10(seed06_EvoMaster_others_Test.java:327)

