<?xml version="1.0" encoding="UTF-8" standalone="yes"?><!DOCTYPE report PUBLIC "-//JACOCO//DTD Report 1.1//EN" "report.dtd"><report name="evomaster-benchmark-cs-rest-artificial-ncs"><sessioninfo id="IFTO-PROBOOK-901785b9" start="1733793741656" dump="1733793755646"/><sessioninfo id="IFTO-PROBOOK-7ef45756" start="1733793760031" dump="1733793773881"/><sessioninfo id="IFTO-PROBOOK-3b93ce86" start="1733793778597" dump="1733793792807"/><sessioninfo id="IFTO-PROBOOK-b0ec8f68" start="1733793797075" dump="1733793811250"/><sessioninfo id="IFTO-PROBOOK-ef18e148" start="1733793815863" dump="1733793830159"/><sessioninfo id="IFTO-PROBOOK-2ebe12d8" start="1733793834827" dump="1733793848812"/><sessioninfo id="IFTO-PROBOOK-776d4c7f" start="1733793853450" dump="1733793867581"/><sessioninfo id="IFTO-PROBOOK-c75f6d69" start="1733793872193" dump="1733793886168"/><sessioninfo id="IFTO-PROBOOK-a68f5d1a" start="1733793890660" dump="1733793904535"/><sessioninfo id="IFTO-PROBOOK-9f6cf79" start="1733793909080" dump="1733793923228"/><sessioninfo id="IFTO-PROBOOK-7af85a00" start="1733793927287" dump="1733793940646"/><sessioninfo id="IFTO-PROBOOK-1893a1f5" start="1733793944903" dump="1733793959032"/><sessioninfo id="IFTO-PROBOOK-ab6db898" start="1733793963453" dump="1733793976913"/><sessioninfo id="IFTO-PROBOOK-5f0e6552" start="1733793981286" dump="1733793995627"/><sessioninfo id="IFTO-PROBOOK-5460b021" start="1733794000013" dump="1733794014797"/><sessioninfo id="IFTO-PROBOOK-83a26ac7" start="1733794019085" dump="1733794034060"/><sessioninfo id="IFTO-PROBOOK-f4c18f42" start="1733794038561" dump="1733794053403"/><sessioninfo id="IFTO-PROBOOK-a812dc57" start="1733794057703" dump="1733794071744"/><sessioninfo id="IFTO-PROBOOK-e05343dd" start="1733794076235" dump="1733794091419"/><sessioninfo id="IFTO-PROBOOK-83f500dc" start="1733794095813" dump="1733794109732"/><sessioninfo id="IFTO-PROBOOK-7a0e31ae" start="1733794114031" dump="1733794128106"/><sessioninfo id="IFTO-PROBOOK-c155a12" start="1733794132722" dump="1733794146844"/><sessioninfo id="IFTO-PROBOOK-c376e3d2" start="1733794151527" dump="1733794165524"/><sessioninfo id="IFTO-PROBOOK-b2a0b831" start="1733794169712" dump="1733794183415"/><sessioninfo id="IFTO-PROBOOK-b2a82641" start="1733794187926" dump="1733794202443"/><sessioninfo id="IFTO-PROBOOK-9a360e63" start="1733794206932" dump="1733794221902"/><sessioninfo id="IFTO-PROBOOK-f7d01572" start="1733794226444" dump="1733794241662"/><sessioninfo id="IFTO-PROBOOK-403846dd" start="1733794246356" dump="1733794261045"/><sessioninfo id="IFTO-PROBOOK-5e07ef23" start="1733794265406" dump="1733794279544"/><sessioninfo id="IFTO-PROBOOK-e7ece645" start="1733794283973" dump="1733794298266"/><sessioninfo id="IFTO-PROBOOK-87a47f15" start="1733794302621" dump="1733794316425"/><sessioninfo id="IFTO-PROBOOK-fb8bedfc" start="1733794321207" dump="1733794335479"/><sessioninfo id="IFTO-PROBOOK-a262c94c" start="1733794339965" dump="1733794354325"/><sessioninfo id="IFTO-PROBOOK-f280556d" start="1733794359013" dump="1733794372965"/><sessioninfo id="IFTO-PROBOOK-5706c3a" start="1733794377500" dump="1733794392356"/><sessioninfo id="IFTO-PROBOOK-fe132270" start="1733794396984" dump="1733794412043"/><sessioninfo id="IFTO-PROBOOK-64ad7118" start="1733794416772" dump="1733794431977"/><sessioninfo id="IFTO-PROBOOK-8e405e74" start="1733794436702" dump="1733794450665"/><sessioninfo id="IFTO-PROBOOK-4a5bf7" start="1733794455160" dump="1733794469156"/><sessioninfo id="IFTO-PROBOOK-9aeac02a" start="1733794473705" dump="1733794488050"/><sessioninfo id="IFTO-PROBOOK-8016f13" start="1733794492533" dump="1733794506360"/><sessioninfo id="IFTO-PROBOOK-96184e57" start="1733794511096" dump="1733794525459"/><sessioninfo id="IFTO-PROBOOK-b9dfca8e" start="1733794530088" dump="1733794544373"/><sessioninfo id="IFTO-PROBOOK-521cb516" start="1733794549158" dump="1733794563700"/><sessioninfo id="IFTO-PROBOOK-e2f0a259" start="1733794568408" dump="1733794583345"/><sessioninfo id="IFTO-PROBOOK-b1b90f6b" start="1733794588054" dump="1733794602709"/><package name="org/restncs/imp"><class name="org/restncs/imp/Bessj" sourcefilename="Bessj.java"><method name="&lt;init&gt;" desc="()V" line="3"><counter type="INSTRUCTION" missed="0" covered="12"/><counter type="LINE" missed="0" covered="4"/><counter type="COMPLEXITY" missed="0" covered="1"/><counter type="METHOD" missed="0" covered="1"/></method><method name="bessj" desc="(ID)D" line="13"><counter type="INSTRUCTION" missed="5" covered="158"/><counter type="BRANCH" missed="1" covered="21"/><counter type="LINE" missed="1" covered="35"/><counter type="COMPLEXITY" missed="1" covered="11"/><counter type="METHOD" missed="0" covered="1"/></method><method name="bessj0" desc="(D)D" line="71"><counter type="INSTRUCTION" missed="0" covered="127"/><counter type="BRANCH" missed="0" covered="2"/><counter type="LINE" missed="0" covered="12"/><counter type="COMPLEXITY" missed="0" covered="2"/><counter type="METHOD" missed="0" covered="1"/></method><method name="bessj1" desc="(D)D" line="97"><counter type="INSTRUCTION" missed="3" covered="133"/><counter type="BRANCH" missed="1" covered="3"/><counter type="LINE" missed="0" covered="13"/><counter type="COMPLEXITY" missed="1" covered="2"/><counter type="METHOD" missed="0" covered="1"/></method><counter type="INSTRUCTION" missed="8" covered="430"/><counter type="BRANCH" missed="2" covered="26"/><counter type="LINE" missed="1" covered="64"/><counter type="COMPLEXITY" missed="2" covered="16"/><counter type="METHOD" missed="0" covered="4"/><counter type="CLASS" missed="0" covered="1"/></class><class name="org/restncs/imp/TriangleClassification" sourcefilename="TriangleClassification.java"><method name="&lt;init&gt;" desc="()V" line="3"><counter type="INSTRUCTION" missed="3" covered="0"/><counter type="LINE" missed="1" covered="0"/><counter type="COMPLEXITY" missed="1" covered="0"/><counter type="METHOD" missed="1" covered="0"/></method><method name="classify" desc="(III)I" line="7"><counter type="INSTRUCTION" missed="0" covered="64"/><counter type="BRANCH" missed="0" covered="28"/><counter type="LINE" missed="0" covered="10"/><counter type="COMPLEXITY" missed="0" covered="15"/><counter type="METHOD" missed="0" covered="1"/></method><counter type="INSTRUCTION" missed="3" covered="64"/><counter type="BRANCH" missed="0" covered="28"/><counter type="LINE" missed="1" covered="10"/><counter type="COMPLEXITY" missed="1" covered="15"/><counter type="METHOD" missed="1" covered="1"/><counter type="CLASS" missed="0" covered="1"/></class><class name="org/restncs/imp/Expint" sourcefilename="Expint.java"><method name="&lt;init&gt;" desc="()V" line="3"><counter type="INSTRUCTION" missed="3" covered="0"/><counter type="LINE" missed="1" covered="0"/><counter type="COMPLEXITY" missed="1" covered="0"/><counter type="METHOD" missed="1" covered="0"/></method><method name="exe" desc="(ID)D" line="13"><counter type="INSTRUCTION" missed="5" covered="205"/><counter type="BRANCH" missed="1" covered="29"/><counter type="LINE" missed="1" covered="36"/><counter type="COMPLEXITY" missed="1" covered="15"/><counter type="METHOD" missed="0" covered="1"/></method><counter type="INSTRUCTION" missed="8" covered="205"/><counter type="BRANCH" missed="1" covered="29"/><counter type="LINE" missed="2" covered="36"/><counter type="COMPLEXITY" missed="2" covered="15"/><counter type="METHOD" missed="1" covered="1"/><counter type="CLASS" missed="0" covered="1"/></class><class name="org/restncs/imp/Fisher" sourcefilename="Fisher.java"><method name="&lt;init&gt;" desc="()V" line="5"><counter type="INSTRUCTION" missed="3" covered="0"/><counter type="LINE" missed="1" covered="0"/><counter type="COMPLEXITY" missed="1" covered="0"/><counter type="METHOD" missed="1" covered="0"/></method><method name="exe" desc="(IID)D" line="10"><counter type="INSTRUCTION" missed="0" covered="235"/><counter type="BRANCH" missed="0" covered="16"/><counter type="LINE" missed="0" covered="38"/><counter type="COMPLEXITY" missed="0" covered="9"/><counter type="METHOD" missed="0" covered="1"/></method><counter type="INSTRUCTION" missed="3" covered="235"/><counter type="BRANCH" missed="0" covered="16"/><counter type="LINE" missed="1" covered="38"/><counter type="COMPLEXITY" missed="1" covered="9"/><counter type="METHOD" missed="1" covered="1"/><counter type="CLASS" missed="0" covered="1"/></class><class name="org/restncs/imp/Remainder" sourcefilename="Remainder.java"><method name="&lt;init&gt;" desc="()V" line="3"><counter type="INSTRUCTION" missed="3" covered="0"/><counter type="LINE" missed="1" covered="0"/><counter type="COMPLEXITY" missed="1" covered="0"/><counter type="METHOD" missed="1" covered="0"/></method><method name="exe" desc="(II)I" line="5"><counter type="INSTRUCTION" missed="2" covered="113"/><counter type="BRANCH" missed="1" covered="23"/><counter type="LINE" missed="0" covered="25"/><counter type="COMPLEXITY" missed="1" covered="12"/><counter type="METHOD" missed="0" covered="1"/></method><counter type="INSTRUCTION" missed="5" covered="113"/><counter type="BRANCH" missed="1" covered="23"/><counter type="LINE" missed="1" covered="25"/><counter type="COMPLEXITY" missed="2" covered="12"/><counter type="METHOD" missed="1" covered="1"/><counter type="CLASS" missed="0" covered="1"/></class><class name="org/restncs/imp/Gammq" sourcefilename="Gammq.java"><method name="&lt;init&gt;" desc="()V" line="2"><counter type="INSTRUCTION" missed="0" covered="3"/><counter type="LINE" missed="0" covered="1"/><counter type="COMPLEXITY" missed="0" covered="1"/><counter type="METHOD" missed="0" covered="1"/></method><method name="gammln" desc="(D)D" line="13"><counter type="INSTRUCTION" missed="0" covered="75"/><counter type="BRANCH" missed="0" covered="2"/><counter type="LINE" missed="0" covered="7"/><counter type="COMPLEXITY" missed="0" covered="2"/><counter type="METHOD" missed="0" covered="1"/></method><method name="gcf" desc="(DD)V" line="30"><counter type="INSTRUCTION" missed="4" covered="105"/><counter type="BRANCH" missed="2" covered="8"/><counter type="LINE" missed="0" covered="19"/><counter type="COMPLEXITY" missed="2" covered="4"/><counter type="METHOD" missed="0" covered="1"/></method><method name="gser" desc="(DD)V" line="56"><counter type="INSTRUCTION" missed="5" covered="75"/><counter type="BRANCH" missed="1" covered="7"/><counter type="LINE" missed="0" covered="15"/><counter type="COMPLEXITY" missed="1" covered="4"/><counter type="METHOD" missed="0" covered="1"/></method><method name="exe" desc="(DD)D" line="80"><counter type="INSTRUCTION" missed="0" covered="35"/><counter type="BRANCH" missed="0" covered="6"/><counter type="LINE" missed="0" covered="6"/><counter type="COMPLEXITY" missed="0" covered="4"/><counter type="METHOD" missed="0" covered="1"/></method><counter type="INSTRUCTION" missed="9" covered="293"/><counter type="BRANCH" missed="3" covered="23"/><counter type="LINE" missed="0" covered="48"/><counter type="COMPLEXITY" missed="3" covered="15"/><counter type="METHOD" missed="0" covered="5"/><counter type="CLASS" missed="0" covered="1"/></class><sourcefile name="Gammq.java"><line nr="2" mi="0" ci="3" mb="0" cb="0"/><line nr="13" mi="0" ci="27" mb="0" cb="0"/><line nr="17" mi="0" ci="4" mb="0" cb="0"/><line nr="18" mi="0" ci="4" mb="0" cb="0"/><line nr="19" mi="0" ci="9" mb="0" cb="0"/><line nr="20" mi="0" ci="2" mb="0" cb="0"/><line nr="21" mi="0" ci="19" mb="0" cb="2"/><line nr="22" mi="0" ci="10" mb="0" cb="0"/><line nr="30" mi="0" ci="5" mb="0" cb="0"/><line nr="31" mi="0" ci="6" mb="0" cb="0"/><line nr="32" mi="0" ci="2" mb="0" cb="0"/><line nr="33" mi="0" ci="4" mb="0" cb="0"/><line nr="34" mi="0" ci="2" mb="0" cb="0"/><line nr="35" mi="0" ci="7" mb="0" cb="2"/><line nr="36" mi="0" ci="9" mb="0" cb="0"/><line nr="37" mi="0" ci="4" mb="0" cb="0"/><line nr="38" mi="0" ci="6" mb="0" cb="0"/><line nr="39" mi="2" ci="5" mb="1" cb="1"/><line nr="40" mi="0" ci="6" mb="0" cb="0"/><line nr="41" mi="2" ci="5" mb="1" cb="1"/><line nr="42" mi="0" ci="4" mb="0" cb="0"/><line nr="43" mi="0" ci="4" mb="0" cb="0"/><line nr="44" mi="0" ci="4" mb="0" cb="0"/><line nr="45" mi="0" ci="8" mb="0" cb="2"/><line nr="47" mi="0" ci="8" mb="0" cb="2"/><line nr="48" mi="0" ci="15" mb="0" cb="0"/><line nr="49" mi="0" ci="1" mb="0" cb="0"/><line nr="56" mi="0" ci="5" mb="0" cb="0"/><line nr="58" mi="0" ci="4" mb="0" cb="2"/><line nr="59" mi="5" ci="4" mb="1" cb="1"/><line nr="60" mi="0" ci="3" mb="0" cb="0"/><line nr="61" mi="0" ci="1" mb="0" cb="0"/><line nr="64" mi="0" ci="2" mb="0" cb="0"/><line nr="65" mi="0" ci="6" mb="0" cb="0"/><line nr="66" mi="0" ci="7" mb="0" cb="2"/><line nr="67" mi="0" ci="4" mb="0" cb="0"/><line nr="68" mi="0" ci="6" mb="0" cb="0"/><line nr="69" mi="0" ci="4" mb="0" cb="0"/><line nr="70" mi="0" ci="8" mb="0" cb="2"/><line nr="71" mi="0" ci="15" mb="0" cb="0"/><line nr="72" mi="0" ci="1" mb="0" cb="0"/><line nr="75" mi="0" ci="5" mb="0" cb="0"/><line nr="80" mi="0" ci="13" mb="0" cb="4"/><line nr="81" mi="0" ci="6" mb="0" cb="2"/><line nr="82" mi="0" ci="4" mb="0" cb="0"/><line nr="83" mi="0" ci="5" mb="0" cb="0"/><line nr="86" mi="0" ci="4" mb="0" cb="0"/><line nr="87" mi="0" ci="3" mb="0" cb="0"/><counter type="INSTRUCTION" missed="9" covered="293"/><counter type="BRANCH" missed="3" covered="23"/><counter type="LINE" missed="0" covered="48"/><counter type="COMPLEXITY" missed="3" covered="15"/><counter type="METHOD" missed="0" covered="5"/><counter type="CLASS" missed="0" covered="1"/></sourcefile><sourcefile name="Bessj.java"><line nr="3" mi="0" ci="2" mb="0" cb="0"/><line nr="5" mi="0" ci="3" mb="0" cb="0"/><line nr="6" mi="0" ci="3" mb="0" cb="0"/><line nr="7" mi="0" ci="4" mb="0" cb="0"/><line nr="13" mi="0" ci="3" mb="1" cb="1"/><line nr="14" mi="5" ci="0" mb="0" cb="0"/><line nr="16" mi="0" ci="3" mb="0" cb="0"/><line nr="18" mi="0" ci="4" mb="0" cb="2"/><line nr="19" mi="0" ci="2" mb="0" cb="0"/><line nr="20" mi="0" ci="5" mb="0" cb="2"/><line nr="21" mi="0" ci="4" mb="0" cb="0"/><line nr="22" mi="0" ci="3" mb="0" cb="0"/><line nr="23" mi="0" ci="3" mb="0" cb="0"/><line nr="25" mi="0" ci="7" mb="0" cb="2"/><line nr="26" mi="0" ci="9" mb="0" cb="0"/><line nr="27" mi="0" ci="2" mb="0" cb="0"/><line nr="28" mi="0" ci="2" mb="0" cb="0"/><line nr="31" mi="0" ci="3" mb="0" cb="0"/><line nr="33" mi="0" ci="4" mb="0" cb="0"/><line nr="34" mi="0" ci="14" mb="0" cb="0"/><line nr="35" mi="0" ci="2" mb="0" cb="0"/><line nr="36" mi="0" ci="6" mb="0" cb="0"/><line nr="37" mi="0" ci="2" mb="0" cb="0"/><line nr="39" mi="0" ci="6" mb="0" cb="2"/><line nr="40" mi="0" ci="9" mb="0" cb="0"/><line nr="41" mi="0" ci="2" mb="0" cb="0"/><line nr="42" mi="0" ci="2" mb="0" cb="0"/><line nr="44" mi="0" ci="5" mb="0" cb="2"/><line nr="45" mi="0" ci="4" mb="0" cb="0"/><line nr="46" mi="0" ci="4" mb="0" cb="0"/><line nr="47" mi="0" ci="4" mb="0" cb="0"/><line nr="48" mi="0" ci="4" mb="0" cb="0"/><line nr="51" mi="0" ci="2" mb="0" cb="2"/><line nr="52" mi="0" ci="4" mb="0" cb="0"/><line nr="54" mi="0" ci="6" mb="0" cb="2"/><line nr="56" mi="0" ci="3" mb="0" cb="2"/><line nr="57" mi="0" ci="2" mb="0" cb="0"/><line nr="60" mi="0" ci="6" mb="0" cb="0"/><line nr="61" mi="0" ci="4" mb="0" cb="0"/><line nr="63" mi="0" ci="13" mb="0" cb="4"/><line nr="71" mi="0" ci="7" mb="0" cb="2"/><line nr="72" mi="0" ci="4" mb="0" cb="0"/><line nr="73" mi="0" ci="22" mb="0" cb="0"/><line nr="75" mi="0" ci="22" mb="0" cb="0"/><line nr="77" mi="0" ci="5" mb="0" cb="0"/><line nr="79" mi="0" ci="4" mb="0" cb="0"/><line nr="80" mi="0" ci="4" mb="0" cb="0"/><line nr="81" mi="0" ci="4" mb="0" cb="0"/><line nr="82" mi="0" ci="18" mb="0" cb="0"/><line nr="84" mi="0" ci="18" mb="0" cb="0"/><line nr="87" mi="0" ci="17" mb="0" cb="0"/><line nr="89" mi="0" ci="2" mb="0" cb="0"/><line nr="97" mi="0" ci="7" mb="0" cb="2"/><line nr="98" mi="0" ci="4" mb="0" cb="0"/><line nr="99" mi="0" ci="24" mb="0" cb="0"/><line nr="101" mi="0" ci="22" mb="0" cb="0"/><line nr="103" mi="0" ci="5" mb="0" cb="0"/><line nr="105" mi="0" ci="4" mb="0" cb="0"/><line nr="106" mi="0" ci="4" mb="0" cb="0"/><line nr="107" mi="0" ci="4" mb="0" cb="0"/><line nr="108" mi="0" ci="18" mb="0" cb="0"/><line nr="110" mi="0" ci="18" mb="0" cb="0"/><line nr="113" mi="0" ci="17" mb="0" cb="0"/><line nr="114" mi="3" ci="4" mb="1" cb="1"/><line nr="117" mi="0" ci="2" mb="0" cb="0"/><counter type="INSTRUCTION" missed="8" covered="430"/><counter type="BRANCH" missed="2" covered="26"/><counter type="LINE" missed="1" covered="64"/><counter type="COMPLEXITY" missed="2" covered="16"/><counter type="METHOD" missed="0" covered="4"/><counter type="CLASS" missed="0" covered="1"/></sourcefile><sourcefile name="Remainder.java"><line nr="3" mi="3" ci="0" mb="0" cb="0"/><line nr="5" mi="0" ci="2" mb="0" cb="0"/><line nr="6" mi="0" ci="2" mb="0" cb="0"/><line nr="7" mi="0" ci="2" mb="0" cb="0"/><line nr="9" mi="0" ci="3" mb="0" cb="2"/><line nr="10" mi="0" ci="3" mb="0" cb="2"/><line nr="11" mi="0" ci="2" mb="0" cb="2"/><line nr="12" mi="0" ci="2" mb="0" cb="2"/><line nr="13" mi="0" ci="5" mb="0" cb="2"/><line nr="14" mi="0" ci="4" mb="0" cb="0"/><line nr="15" mi="0" ci="4" mb="0" cb="0"/><line nr="16" mi="0" ci="5" mb="0" cb="0"/><line nr="20" mi="2" ci="8" mb="1" cb="3"/><line nr="21" mi="0" ci="4" mb="0" cb="0"/><line nr="22" mi="0" ci="4" mb="0" cb="0"/><line nr="23" mi="0" ci="5" mb="0" cb="0"/><line nr="26" mi="0" ci="2" mb="0" cb="2"/><line nr="28" mi="0" ci="14" mb="0" cb="4"/><line nr="29" mi="0" ci="4" mb="0" cb="0"/><line nr="30" mi="0" ci="4" mb="0" cb="0"/><line nr="31" mi="0" ci="5" mb="0" cb="0"/><line nr="34" mi="0" ci="5" mb="0" cb="2"/><line nr="35" mi="0" ci="4" mb="0" cb="0"/><line nr="37" mi="0" ci="13" mb="0" cb="2"/><line nr="38" mi="0" ci="5" mb="0" cb="0"/><line nr="40" mi="0" ci="2" mb="0" cb="0"/><counter type="INSTRUCTION" missed="5" covered="113"/><counter type="BRANCH" missed="1" covered="23"/><counter type="LINE" missed="1" covered="25"/><counter type="COMPLEXITY" missed="2" covered="12"/><counter type="METHOD" missed="1" covered="1"/><counter type="CLASS" missed="0" covered="1"/></sourcefile><sourcefile name="Expint.java"><line nr="3" mi="3" ci="0" mb="0" cb="0"/><line nr="13" mi="0" ci="4" mb="0" cb="0"/><line nr="15" mi="0" ci="15" mb="0" cb="10"/><line nr="16" mi="0" ci="5" mb="0" cb="0"/><line nr="18" mi="0" ci="2" mb="0" cb="2"/><line nr="19" mi="0" ci="7" mb="0" cb="0"/><line nr="21" mi="0" ci="4" mb="0" cb="2"/><line nr="22" mi="0" ci="6" mb="0" cb="0"/><line nr="24" mi="0" ci="4" mb="0" cb="2"/><line nr="25" mi="0" ci="5" mb="0" cb="0"/><line nr="26" mi="0" ci="2" mb="0" cb="0"/><line nr="27" mi="0" ci="4" mb="0" cb="0"/><line nr="28" mi="0" ci="2" mb="0" cb="0"/><line nr="30" mi="0" ci="9" mb="1" cb="1"/><line nr="31" mi="0" ci="8" mb="0" cb="0"/><line nr="32" mi="0" ci="4" mb="0" cb="0"/><line nr="33" mi="0" ci="8" mb="0" cb="0"/><line nr="34" mi="0" ci="6" mb="0" cb="0"/><line nr="35" mi="0" ci="4" mb="0" cb="0"/><line nr="36" mi="0" ci="4" mb="0" cb="0"/><line nr="38" mi="0" ci="7" mb="0" cb="2"/><line nr="39" mi="0" ci="6" mb="0" cb="0"/><line nr="43" mi="5" ci="0" mb="0" cb="0"/><line nr="45" mi="0" ci="13" mb="0" cb="2"/><line nr="46" mi="0" ci="2" mb="0" cb="0"/><line nr="48" mi="0" ci="9" mb="0" cb="2"/><line nr="49" mi="0" ci="8" mb="0" cb="0"/><line nr="51" mi="0" ci="3" mb="0" cb="2"/><line nr="52" mi="0" ci="9" mb="0" cb="0"/><line nr="54" mi="0" ci="2" mb="0" cb="0"/><line nr="56" mi="0" ci="7" mb="0" cb="2"/><line nr="57" mi="0" ci="7" mb="0" cb="0"/><line nr="59" mi="0" ci="8" mb="0" cb="0"/><line nr="62" mi="0" ci="4" mb="0" cb="0"/><line nr="64" mi="0" ci="8" mb="0" cb="2"/><line nr="65" mi="0" ci="2" mb="0" cb="0"/><line nr="68" mi="0" ci="5" mb="0" cb="0"/><line nr="73" mi="0" ci="2" mb="0" cb="0"/><counter type="INSTRUCTION" missed="8" covered="205"/><counter type="BRANCH" missed="1" covered="29"/><counter type="LINE" missed="2" covered="36"/><counter type="COMPLEXITY" missed="2" covered="15"/><counter type="METHOD" missed="1" covered="1"/><counter type="CLASS" missed="0" covered="1"/></sourcefile><sourcefile name="Fisher.java"><line nr="5" mi="3" ci="0" mb="0" cb="0"/><line nr="10" mi="0" ci="10" mb="0" cb="0"/><line nr="11" mi="0" ci="10" mb="0" cb="0"/><line nr="12" mi="0" ci="8" mb="0" cb="0"/><line nr="13" mi="0" ci="6" mb="0" cb="0"/><line nr="15" mi="0" ci="3" mb="0" cb="2"/><line nr="16" mi="0" ci="3" mb="0" cb="2"/><line nr="17" mi="0" ci="3" mb="0" cb="0"/><line nr="18" mi="0" ci="2" mb="0" cb="0"/><line nr="19" mi="0" ci="6" mb="0" cb="0"/><line nr="20" mi="0" ci="8" mb="0" cb="0"/><line nr="22" mi="0" ci="5" mb="0" cb="0"/><line nr="23" mi="0" ci="9" mb="0" cb="0"/><line nr="25" mi="0" ci="3" mb="0" cb="2"/><line nr="26" mi="0" ci="3" mb="0" cb="0"/><line nr="27" mi="0" ci="6" mb="0" cb="0"/><line nr="28" mi="0" ci="5" mb="0" cb="0"/><line nr="30" mi="0" ci="4" mb="0" cb="0"/><line nr="31" mi="0" ci="4" mb="0" cb="0"/><line nr="34" mi="0" ci="6" mb="0" cb="0"/><line nr="36" mi="0" ci="3" mb="0" cb="2"/><line nr="37" mi="0" ci="9" mb="0" cb="2"/><line nr="38" mi="0" ci="13" mb="0" cb="0"/><line nr="39" mi="0" ci="11" mb="0" cb="0"/><line nr="42" mi="0" ci="9" mb="0" cb="0"/><line nr="43" mi="0" ci="10" mb="0" cb="0"/><line nr="44" mi="0" ci="16" mb="0" cb="0"/><line nr="47" mi="0" ci="4" mb="0" cb="0"/><line nr="48" mi="0" ci="4" mb="0" cb="0"/><line nr="49" mi="0" ci="4" mb="0" cb="0"/><line nr="50" mi="0" ci="9" mb="0" cb="2"/><line nr="51" mi="0" ci="4" mb="0" cb="0"/><line nr="52" mi="0" ci="12" mb="0" cb="0"/><line nr="53" mi="0" ci="9" mb="0" cb="0"/><line nr="56" mi="0" ci="4" mb="0" cb="2"/><line nr="57" mi="0" ci="2" mb="0" cb="0"/><line nr="58" mi="0" ci="4" mb="0" cb="2"/><line nr="59" mi="0" ci="2" mb="0" cb="0"/><line nr="61" mi="0" ci="2" mb="0" cb="0"/><counter type="INSTRUCTION" missed="3" covered="235"/><counter type="BRANCH" missed="0" covered="16"/><counter type="LINE" missed="1" covered="38"/><counter type="COMPLEXITY" missed="1" covered="9"/><counter type="METHOD" missed="1" covered="1"/><counter type="CLASS" missed="0" covered="1"/></sourcefile><sourcefile name="TriangleClassification.java"><line nr="3" mi="3" ci="0" mb="0" cb="0"/><line nr="7" mi="0" ci="6" mb="0" cb="6"/><line nr="8" mi="0" ci="2" mb="0" cb="0"/><line nr="11" mi="0" ci="6" mb="0" cb="4"/><line nr="12" mi="0" ci="2" mb="0" cb="0"/><line nr="15" mi="0" ci="6" mb="0" cb="0"/><line nr="17" mi="0" ci="27" mb="0" cb="12"/><line nr="20" mi="0" ci="2" mb="0" cb="0"/><line nr="23" mi="0" ci="9" mb="0" cb="6"/><line nr="24" mi="0" ci="2" mb="0" cb="0"/><line nr="26" mi="0" ci="2" mb="0" cb="0"/><counter type="INSTRUCTION" missed="3" covered="64"/><counter type="BRANCH" missed="0" covered="28"/><counter type="LINE" missed="1" covered="10"/><counter type="COMPLEXITY" missed="1" covered="15"/><counter type="METHOD" missed="1" covered="1"/><counter type="CLASS" missed="0" covered="1"/></sourcefile><counter type="INSTRUCTION" missed="36" covered="1340"/><counter type="BRANCH" missed="7" covered="145"/><counter type="LINE" missed="6" covered="221"/><counter type="COMPLEXITY" missed="11" covered="82"/><counter type="METHOD" missed="4" covered="13"/><counter type="CLASS" missed="0" covered="6"/></package><package name="org/restncs"><class name="org/restncs/Dto" sourcefilename="Dto.java"><method name="&lt;init&gt;" desc="()V" line="3"><counter type="INSTRUCTION" missed="0" covered="3"/><counter type="LINE" missed="0" covered="1"/><counter type="COMPLEXITY" missed="0" covered="1"/><counter type="METHOD" missed="0" covered="1"/></method><counter type="INSTRUCTION" missed="0" covered="3"/><counter type="LINE" missed="0" covered="1"/><counter type="COMPLEXITY" missed="0" covered="1"/><counter type="METHOD" missed="0" covered="1"/><counter type="CLASS" missed="0" covered="1"/></class><class name="org/restncs/NcsRest" sourcefilename="NcsRest.java"><method name="&lt;init&gt;" desc="()V" line="12"><counter type="INSTRUCTION" missed="0" covered="3"/><counter type="LINE" missed="0" covered="1"/><counter type="COMPLEXITY" missed="0" covered="1"/><counter type="METHOD" missed="0" covered="1"/></method><method name="checkTriangle" desc="(Ljava/lang/Integer;Ljava/lang/Integer;Ljava/lang/Integer;)Lorg/springframework/http/ResponseEntity;" line="28"><counter type="INSTRUCTION" missed="0" covered="17"/><counter type="LINE" missed="0" covered="3"/><counter type="COMPLEXITY" missed="0" covered="1"/><counter type="METHOD" missed="0" covered="1"/></method><method name="bessj" desc="(Ljava/lang/Integer;Ljava/lang/Double;)Lorg/springframework/http/ResponseEntity;" line="43"><counter type="INSTRUCTION" missed="0" covered="32"/><counter type="BRANCH" missed="0" covered="4"/><counter type="LINE" missed="0" covered="6"/><counter type="COMPLEXITY" missed="0" covered="3"/><counter type="METHOD" missed="0" covered="1"/></method><method name="expint" desc="(Ljava/lang/Integer;Ljava/lang/Double;)Lorg/springframework/http/ResponseEntity;" line="65"><counter type="INSTRUCTION" missed="0" covered="20"/><counter type="LINE" missed="0" covered="5"/><counter type="COMPLEXITY" missed="0" covered="1"/><counter type="METHOD" missed="0" covered="1"/></method><method name="fisher" desc="(Ljava/lang/Integer;Ljava/lang/Integer;Ljava/lang/Double;)Lorg/springframework/http/ResponseEntity;" line="84"><counter type="INSTRUCTION" missed="5" covered="29"/><counter type="BRANCH" missed="0" covered="4"/><counter type="LINE" missed="2" covered="5"/><counter type="COMPLEXITY" missed="0" covered="3"/><counter type="METHOD" missed="0" covered="1"/></method><method name="gammq" desc="(Ljava/lang/Double;Ljava/lang/Double;)Lorg/springframework/http/ResponseEntity;" line="108"><counter type="INSTRUCTION" missed="0" covered="25"/><counter type="LINE" missed="0" covered="6"/><counter type="COMPLEXITY" missed="0" covered="1"/><counter type="METHOD" missed="0" covered="1"/></method><method name="remainder" desc="(Ljava/lang/Integer;Ljava/lang/Integer;)Lorg/springframework/http/ResponseEntity;" line="126"><counter type="INSTRUCTION" missed="0" covered="39"/><counter type="BRANCH" missed="0" covered="8"/><counter type="LINE" missed="0" covered="6"/><counter type="COMPLEXITY" missed="0" covered="5"/><counter type="METHOD" missed="0" covered="1"/></method><counter type="INSTRUCTION" missed="5" covered="165"/><counter type="BRANCH" missed="0" covered="16"/><counter type="LINE" missed="2" covered="32"/><counter type="COMPLEXITY" missed="0" covered="15"/><counter type="METHOD" missed="0" covered="7"/><counter type="CLASS" missed="0" covered="1"/></class><class name="org/restncs/NcsApplication" sourcefilename="NcsApplication.java"><method name="&lt;init&gt;" desc="()V" line="16"><counter type="INSTRUCTION" missed="0" covered="3"/><counter type="LINE" missed="0" covered="1"/><counter type="COMPLEXITY" missed="0" covered="1"/><counter type="METHOD" missed="0" covered="1"/></method><method name="main" desc="([Ljava/lang/String;)V" line="22"><counter type="INSTRUCTION" missed="5" covered="0"/><counter type="LINE" missed="2" covered="0"/><counter type="COMPLEXITY" missed="1" covered="0"/><counter type="METHOD" missed="1" covered="0"/></method><method name="piApi" desc="()Lspringfox/documentation/spring/web/plugins/Docket;" line="27"><counter type="INSTRUCTION" missed="0" covered="13"/><counter type="LINE" missed="0" covered="5"/><counter type="COMPLEXITY" missed="0" covered="1"/><counter type="METHOD" missed="0" covered="1"/></method><method name="apiInfo" desc="()Lspringfox/documentation/service/ApiInfo;" line="35"><counter type="INSTRUCTION" missed="0" covered="11"/><counter type="LINE" missed="0" covered="5"/><counter type="COMPLEXITY" missed="0" covered="1"/><counter type="METHOD" missed="0" covered="1"/></method><counter type="INSTRUCTION" missed="5" covered="27"/><counter type="LINE" missed="2" covered="11"/><counter type="COMPLEXITY" missed="1" covered="3"/><counter type="METHOD" missed="1" covered="3"/><counter type="CLASS" missed="0" covered="1"/></class><sourcefile name="NcsApplication.java"><line nr="16" mi="0" ci="3" mb="0" cb="0"/><line nr="22" mi="4" ci="0" mb="0" cb="0"/><line nr="23" mi="1" ci="0" mb="0" cb="0"/><line nr="27" mi="0" ci="6" mb="0" cb="0"/><line nr="28" mi="0" ci="2" mb="0" cb="0"/><line nr="29" mi="0" ci="2" mb="0" cb="0"/><line nr="30" mi="0" ci="2" mb="0" cb="0"/><line nr="31" mi="0" ci="1" mb="0" cb="0"/><line nr="35" mi="0" ci="5" mb="0" cb="0"/><line nr="36" mi="0" ci="2" mb="0" cb="0"/><line nr="37" mi="0" ci="2" mb="0" cb="0"/><line nr="38" mi="0" ci="1" mb="0" cb="0"/><line nr="39" mi="0" ci="1" mb="0" cb="0"/><counter type="INSTRUCTION" missed="5" covered="27"/><counter type="LINE" missed="2" covered="11"/><counter type="COMPLEXITY" missed="1" covered="3"/><counter type="METHOD" missed="1" covered="3"/><counter type="CLASS" missed="0" covered="1"/></sourcefile><sourcefile name="NcsRest.java"><line nr="12" mi="0" ci="3" mb="0" cb="0"/><line nr="28" mi="0" ci="4" mb="0" cb="0"/><line nr="29" mi="0" ci="10" mb="0" cb="0"/><line nr="31" mi="0" ci="3" mb="0" cb="0"/><line nr="43" mi="0" ci="8" mb="0" cb="4"/><line nr="44" mi="0" ci="4" mb="0" cb="0"/><line nr="47" mi="0" ci="4" mb="0" cb="0"/><line nr="48" mi="0" ci="4" mb="0" cb="0"/><line nr="49" mi="0" ci="9" mb="0" cb="0"/><line nr="51" mi="0" ci="3" mb="0" cb="0"/><line nr="65" mi="0" ci="4" mb="0" cb="0"/><line nr="66" mi="0" ci="8" mb="0" cb="0"/><line nr="67" mi="0" ci="3" mb="0" cb="0"/><line nr="68" mi="0" ci="1" mb="0" cb="0"/><line nr="69" mi="0" ci="4" mb="0" cb="0"/><line nr="84" mi="0" ci="8" mb="0" cb="4"/><line nr="85" mi="0" ci="4" mb="0" cb="0"/><line nr="89" mi="0" ci="4" mb="0" cb="0"/><line nr="90" mi="0" ci="10" mb="0" cb="0"/><line nr="91" mi="0" ci="3" mb="0" cb="0"/><line nr="92" mi="1" ci="0" mb="0" cb="0"/><line nr="93" mi="4" ci="0" mb="0" cb="0"/><line nr="108" mi="0" ci="4" mb="0" cb="0"/><line nr="109" mi="0" ci="4" mb="0" cb="0"/><line nr="110" mi="0" ci="9" mb="0" cb="0"/><line nr="111" mi="0" ci="3" mb="0" cb="0"/><line nr="112" mi="0" ci="1" mb="0" cb="0"/><line nr="113" mi="0" ci="4" mb="0" cb="0"/><line nr="126" mi="0" ci="2" mb="0" cb="0"/><line nr="127" mi="0" ci="18" mb="0" cb="8"/><line nr="128" mi="0" ci="4" mb="0" cb="0"/><line nr="131" mi="0" ci="4" mb="0" cb="0"/><line nr="132" mi="0" ci="8" mb="0" cb="0"/><line nr="134" mi="0" ci="3" mb="0" cb="0"/><counter type="INSTRUCTION" missed="5" covered="165"/><counter type="BRANCH" missed="0" covered="16"/><counter type="LINE" missed="2" covered="32"/><counter type="COMPLEXITY" missed="0" covered="15"/><counter type="METHOD" missed="0" covered="7"/><counter type="CLASS" missed="0" covered="1"/></sourcefile><sourcefile name="Dto.java"><line nr="3" mi="0" ci="3" mb="0" cb="0"/><counter type="INSTRUCTION" missed="0" covered="3"/><counter type="LINE" missed="0" covered="1"/><counter type="COMPLEXITY" missed="0" covered="1"/><counter type="METHOD" missed="0" covered="1"/><counter type="CLASS" missed="0" covered="1"/></sourcefile><counter type="INSTRUCTION" missed="10" covered="195"/><counter type="BRANCH" missed="0" covered="16"/><counter type="LINE" missed="4" covered="44"/><counter type="COMPLEXITY" missed="1" covered="19"/><counter type="METHOD" missed="1" covered="11"/><counter type="CLASS" missed="0" covered="3"/></package><counter type="INSTRUCTION" missed="46" covered="1535"/><counter type="BRANCH" missed="7" covered="161"/><counter type="LINE" missed="10" covered="265"/><counter type="COMPLEXITY" missed="12" covered="101"/><counter type="METHOD" missed="5" covered="24"/><counter type="CLASS" missed="0" covered="9"/></report>